0 info it worked if it ends with ok
1 verbose cli [ '/Users/Meeks/.node/bin/node',
1 verbose cli   '/Users/Meeks/.node/bin/npm',
1 verbose cli   'i',
1 verbose cli   '/src/package.json' ]
2 info using npm@3.10.7
3 info using node@v4.4.7
4 silly loadCurrentTree Starting
5 silly install loadCurrentTree
6 silly install readLocalPackageData
7 silly fetchPackageMetaData /src/package.json
8 silly fetchOtherPackageData /src/package.json
9 silly cache add args [ '/src/package.json', null ]
10 verbose cache add spec /src/package.json
11 silly cache add parsed spec Result {
11 silly cache add   raw: '/src/package.json',
11 silly cache add   scope: null,
11 silly cache add   escapedName: null,
11 silly cache add   name: null,
11 silly cache add   rawSpec: '/src/package.json',
11 silly cache add   spec: '/src/package.json',
11 silly cache add   type: 'local' }
12 error addLocal Could not install /src/package.json
13 silly fetchPackageMetaData Error: ENOENT: no such file or directory, open '/src/package.json'
13 silly fetchPackageMetaData     at Error (native)
13 silly fetchPackageMetaData  error for /src/package.json { [Error: ENOENT: no such file or directory, open '/src/package.json']
13 silly fetchPackageMetaData   errno: -2,
13 silly fetchPackageMetaData   code: 'ENOENT',
13 silly fetchPackageMetaData   syscall: 'open',
13 silly fetchPackageMetaData   path: '/src/package.json' }
14 silly rollbackFailedOptional Starting
15 silly rollbackFailedOptional Finishing
16 silly runTopLevelLifecycles Finishing
17 silly install printInstalled
18 verbose stack Error: ENOENT: no such file or directory, open '/src/package.json'
18 verbose stack     at Error (native)
19 verbose cwd /Users/Meeks/code-projects/alexa-quiz-game-skill
20 error Darwin 15.6.0
21 error argv "/Users/Meeks/.node/bin/node" "/Users/Meeks/.node/bin/npm" "i" "/src/package.json"
22 error node v4.4.7
23 error npm  v3.10.7
24 error path /src/package.json
25 error code ENOENT
26 error errno -2
27 error syscall open
28 error enoent ENOENT: no such file or directory, open '/src/package.json'
29 error enoent ENOENT: no such file or directory, open '/src/package.json'
29 error enoent This is most likely not a problem with npm itself
29 error enoent and is related to npm not being able to find a file.
30 verbose exit [ -2, true ]
